[2024-04-04 15:12:58,545][__main__][INFO] - 
model:
  optimizer:
    _target_: torch.optim.Adam
    lr: 0.0001
  name: correlation3_unscaled
  _target_: models.correlation3_unscaled.TrackerNetC
  patch_size: 31
  feature_dim: 384
  representation: time_surfaces_v2_5
gt_path: C:\Users\Siqi Pei\OneDrive - Delft University of Technology\CS4240 Deep Learning\deep_ev_tracker\gt_tracks
running_locally: false
weights_path: C:\Users\Siqi Pei\OneDrive - Delft University of Technology\CS4240 Deep
  Learning\deep_ev_tracker\pretrained_weights\weights_finetuned_ec.ckpt
track_name: shitomasi_custom
representation: time_surfaces_v2_5
patch_size: 31
visualize: true
dt_track_vis: 0.2
trainer:
  gpus:
  - 0

[2024-04-04 15:14:35,894][__main__][INFO] - === DATASET: shapes_translation_8_88 ===
[2024-04-04 15:14:35,895][__main__][INFO] - Latency: 0 s
[2024-04-04 15:16:18,527][__main__][INFO] - === DATASET: shapes_rotation_165_245 ===
[2024-04-04 15:16:18,528][__main__][INFO] - Latency: 0 s
[2024-04-04 15:17:54,894][__main__][INFO] - === DATASET: shapes_6dof_485_565 ===
[2024-04-04 15:17:54,894][__main__][INFO] - Latency: 0 s
[2024-04-04 15:20:26,225][__main__][INFO] - === DATASET: boxes_translation_330_410 ===
[2024-04-04 15:20:26,225][__main__][INFO] - Latency: 0 s
[2024-04-04 15:23:06,279][__main__][INFO] - === DATASET: boxes_rotation_198_278 ===
[2024-04-04 15:23:06,280][__main__][INFO] - Latency: 0 s
[2024-04-04 15:23:06,281][__main__][INFO] - 
+----------------+
| Inference Time |
+----------------+
|       0        |
|       0        |
|       0        |
|       0        |
|       0        |
+----------------+
