[2024-03-24 17:40:25,322][__main__][INFO] - 
model:
  optimizer:
    _target_: torch.optim.Adam
    lr: 0.0001
  name: correlation3_unscaled
  _target_: models.correlation3_unscaled.TrackerNetC
  patch_size: 31
  feature_dim: 384
  representation: time_surfaces_v2_5
gt_path: C:\Users\Siqi Pei\OneDrive - Delft University of Technology\CS4240 Deep Learning\deep_ev_tracker\gt_tracks
running_locally: false
weights_path: C:\Users\Siqi Pei\OneDrive - Delft University of Technology\CS4240 Deep
  Learning\deep_ev_tracker\pretrained_weights\weights_finetuned_ec.ckpt
track_name: shitomasi_custom
representation: time_surfaces_v2_5
patch_size: 31
visualize: true
dt_track_vis: 0.2
trainer:
  gpus:
  - 0

[2024-03-24 17:42:53,073][__main__][INFO] - === DATASET: boxes_rotation_198_278 ===
[2024-03-24 17:42:53,074][__main__][INFO] - Latency: 0 s
[2024-03-24 17:42:53,074][__main__][INFO] - 
+----------------+
| Inference Time |
+----------------+
|       0        |
+----------------+
